2021-05-29T16:14:07+00:00 CRITICAL Uncaught Error: Unknown named parameter $tasks_meta_id in /opt/lampp/htdocs/wordpress-5.7.2/wordpress/wp-includes/class-wp-hook.php:292
Stack trace:
#0 /opt/lampp/htdocs/wordpress-5.7.2/wordpress/wp-includes/class-wp-hook.php(316): WP_Hook->apply_filters('', Array)
#1 /opt/lampp/htdocs/wordpress-5.7.2/wordpress/wp-includes/plugin.php(551): WP_Hook->do_action(Array)
#2 /opt/lampp/htdocs/wordpress-5.7.2/wordpress/wp-content/plugins/woocommerce/packages/action-scheduler/classes/actions/ActionScheduler_Action.php(22): do_action_ref_array('wpforms_process...', Array)
#3 /opt/lampp/htdocs/wordpress-5.7.2/wordpress/wp-content/plugins/woocommerce/packages/action-scheduler/classes/abstracts/ActionScheduler_Abstract_QueueRunner.php(65): ActionScheduler_Action->execute()
#4 /opt/lampp/htdocs/wordpress-5.7.2/wordpress/wp-content/plugins/woocommerce/packages/action-scheduler/classes/ActionScheduler_QueueRunner.php(162): ActionScheduler_Abstract_QueueRunner->process_action(388, 'WP Cron')
#5 /opt/lampp/htdocs/wordpress-5.7.2/wordpress/wp-content/plugins/woocommerce/packages/action-scheduler/classes/ActionScheduler_QueueRunner.php(132): ActionScheduler_QueueRunner->do_batch(25, 'WP Cron')
#6 /opt/lampp/htdocs/wordpress-5.7.2/wordpress/wp-includes/class-wp-hook.php(292): ActionScheduler_QueueRunner->run('WP Cron')
#7 /opt/lampp/htdocs/wordpress-5.7.2/wordpress/wp-includes/class-wp-hook.php(316): WP_Hook->apply_filters('', Array)
#8 /opt/lampp/htdocs/wordpress-5.7.2/wordpress/wp-includes/plugin.php(551): WP_Hook->do_action(Array)
#9 /opt/lampp/htdocs/wordpress-5.7.2/wordpress/wp-cron.php(138): do_action_ref_array('action_schedule...', Array)
#10 {main}
  thrown dans /opt/lampp/htdocs/wordpress-5.7.2/wordpress/wp-includes/class-wp-hook.php à la ligne 292

2021-05-29T16:14:28+00:00 CRITICAL Uncaught Error: Unknown named parameter $tasks_meta_id in /opt/lampp/htdocs/wordpress-5.7.2/wordpress/wp-includes/class-wp-hook.php:292
Stack trace:
#0 /opt/lampp/htdocs/wordpress-5.7.2/wordpress/wp-includes/class-wp-hook.php(316): WP_Hook->apply_filters('', Array)
#1 /opt/lampp/htdocs/wordpress-5.7.2/wordpress/wp-includes/plugin.php(551): WP_Hook->do_action(Array)
#2 /opt/lampp/htdocs/wordpress-5.7.2/wordpress/wp-content/plugins/woocommerce/packages/action-scheduler/classes/actions/ActionScheduler_Action.php(22): do_action_ref_array('wpforms_process...', Array)
#3 /opt/lampp/htdocs/wordpress-5.7.2/wordpress/wp-content/plugins/woocommerce/packages/action-scheduler/classes/abstracts/ActionScheduler_Abstract_QueueRunner.php(65): ActionScheduler_Action->execute()
#4 /opt/lampp/htdocs/wordpress-5.7.2/wordpress/wp-content/plugins/woocommerce/packages/action-scheduler/classes/ActionScheduler_QueueRunner.php(162): ActionScheduler_Abstract_QueueRunner->process_action(389, 'Async Request')
#5 /opt/lampp/htdocs/wordpress-5.7.2/wordpress/wp-content/plugins/woocommerce/packages/action-scheduler/classes/ActionScheduler_QueueRunner.php(132): ActionScheduler_QueueRunner->do_batch(25, 'Async Request')
#6 /opt/lampp/htdocs/wordpress-5.7.2/wordpress/wp-includes/class-wp-hook.php(292): ActionScheduler_QueueRunner->run('Async Request')
#7 /opt/lampp/htdocs/wordpress-5.7.2/wordpress/wp-includes/class-wp-hook.php(316): WP_Hook->apply_filters('', Array)
#8 /opt/lampp/htdocs/wordpress-5.7.2/wordpress/wp-includes/plugin.php(484): WP_Hook->do_action(Array)
#9 /opt/lampp/htdocs/wordpress-5.7.2/wordpress/wp-content/plugins/woocommerce/packages/action-scheduler/classes/ActionScheduler_AsyncRequest_QueueRunner.php(52): do_action('action_schedule...', 'Async Request')
#10 /opt/lampp/htdocs/wordpress-5.7.2/wordpress/wp-content/plugins/woocommerce/includes/libraries/wp-async-request.php(147): ActionScheduler_AsyncRequest_QueueRunner->handle()
#11 /opt/lampp/htdocs/wordpress-5.7.2/wordpress/wp-includes/class-wp-hook.php(292): WP_Async_Request->maybe_handle('')
#12 /opt/lampp/htdocs/wordpress-5.7.2/wordpress/wp-includes/class-wp-hook.php(316): WP_Hook->apply_filters('', Array)
#13 /opt/lampp/htdocs/wordpress-5.7.2/wordpress/wp-includes/plugin.php(484): WP_Hook->do_action(Array)
#14 /opt/lampp/htdocs/wordpress-5.7.2/wordpress/wp-admin/admin-ajax.php(187): do_action('wp_ajax_as_asyn...')
#15 {main}
  thrown dans /opt/lampp/htdocs/wordpress-5.7.2/wordpress/wp-includes/class-wp-hook.php à la ligne 292

2021-05-29T16:14:34+00:00 CRITICAL Uncaught Error: Unknown named parameter $tasks_meta_id in /opt/lampp/htdocs/wordpress-5.7.2/wordpress/wp-includes/class-wp-hook.php:292
Stack trace:
#0 /opt/lampp/htdocs/wordpress-5.7.2/wordpress/wp-includes/class-wp-hook.php(316): WP_Hook->apply_filters('', Array)
#1 /opt/lampp/htdocs/wordpress-5.7.2/wordpress/wp-includes/plugin.php(551): WP_Hook->do_action(Array)
#2 /opt/lampp/htdocs/wordpress-5.7.2/wordpress/wp-content/plugins/woocommerce/packages/action-scheduler/classes/actions/ActionScheduler_Action.php(22): do_action_ref_array('wpforms_process...', Array)
#3 /opt/lampp/htdocs/wordpress-5.7.2/wordpress/wp-content/plugins/woocommerce/packages/action-scheduler/classes/abstracts/ActionScheduler_Abstract_QueueRunner.php(65): ActionScheduler_Action->execute()
#4 /opt/lampp/htdocs/wordpress-5.7.2/wordpress/wp-content/plugins/woocommerce/packages/action-scheduler/classes/ActionScheduler_QueueRunner.php(162): ActionScheduler_Abstract_QueueRunner->process_action(390, 'Async Request')
#5 /opt/lampp/htdocs/wordpress-5.7.2/wordpress/wp-content/plugins/woocommerce/packages/action-scheduler/classes/ActionScheduler_QueueRunner.php(132): ActionScheduler_QueueRunner->do_batch(25, 'Async Request')
#6 /opt/lampp/htdocs/wordpress-5.7.2/wordpress/wp-includes/class-wp-hook.php(292): ActionScheduler_QueueRunner->run('Async Request')
#7 /opt/lampp/htdocs/wordpress-5.7.2/wordpress/wp-includes/class-wp-hook.php(316): WP_Hook->apply_filters('', Array)
#8 /opt/lampp/htdocs/wordpress-5.7.2/wordpress/wp-includes/plugin.php(484): WP_Hook->do_action(Array)
#9 /opt/lampp/htdocs/wordpress-5.7.2/wordpress/wp-content/plugins/woocommerce/packages/action-scheduler/classes/ActionScheduler_AsyncRequest_QueueRunner.php(52): do_action('action_schedule...', 'Async Request')
#10 /opt/lampp/htdocs/wordpress-5.7.2/wordpress/wp-content/plugins/woocommerce/includes/libraries/wp-async-request.php(147): ActionScheduler_AsyncRequest_QueueRunner->handle()
#11 /opt/lampp/htdocs/wordpress-5.7.2/wordpress/wp-includes/class-wp-hook.php(292): WP_Async_Request->maybe_handle('')
#12 /opt/lampp/htdocs/wordpress-5.7.2/wordpress/wp-includes/class-wp-hook.php(316): WP_Hook->apply_filters('', Array)
#13 /opt/lampp/htdocs/wordpress-5.7.2/wordpress/wp-includes/plugin.php(484): WP_Hook->do_action(Array)
#14 /opt/lampp/htdocs/wordpress-5.7.2/wordpress/wp-admin/admin-ajax.php(187): do_action('wp_ajax_as_asyn...')
#15 {main}
  thrown dans /opt/lampp/htdocs/wordpress-5.7.2/wordpress/wp-includes/class-wp-hook.php à la ligne 292

2021-05-29T16:15:22+00:00 CRITICAL Uncaught TypeError: Elementor\Elements_Manager::create_element_instance(): Argument #1 ($element_data) must be of type array, string given, called in /opt/lampp/htdocs/wordpress-5.7.2/wordpress/wp-content/plugins/elementor/core/base/document.php on line 811 and defined in /opt/lampp/htdocs/wordpress-5.7.2/wordpress/wp-content/plugins/elementor/includes/managers/elements.php:68
Stack trace:
#0 /opt/lampp/htdocs/wordpress-5.7.2/wordpress/wp-content/plugins/elementor/core/base/document.php(811): Elementor\Elements_Manager->create_element_instance('Array')
#1 /opt/lampp/htdocs/wordpress-5.7.2/wordpress/wp-content/plugins/astra-sites/inc/importers/batch-processing/class-astra-sites-batch-processing-elementor.php(121): Elementor\Core\Base\Document->get_elements_raw_data(Array, true)
#2 /opt/lampp/htdocs/wordpress-5.7.2/wordpress/wp-content/plugins/astra-sites/inc/importers/batch-processing/class-astra-sites-batch-processing-elementor.php(66): Elementor\TemplateLibrary\Astra_Sites_Batch_Processing_Elementor->import_single_post(21)
#3 /opt/lampp/htdocs/wordpress-5.7.2/wordpress/wp-content/plugins/astra-sites/inc/importers/batch-processing/helpers/class-wp-background-process-astra.php(41): Elementor\TemplateLibrary\Astra_Sites_Batch_Processing_Elementor->import()
#4 /opt/lampp/htdocs/wordpress-5.7.2/wordpress/wp-content/plugins/woocommerce/includes/libraries/wp-background-process.php(301): WP_Background_Process_Astra->task(Object(Elementor\TemplateLibrary\Astra_Sites_Batch_Processing_Elementor))
#5 /opt/lampp/htdocs/wordpress-5.7.2/wordpress/wp-content/plugins/woocommerce/includes/libraries/wp-background-process.php(447): WP_Background_Process->handle()
#6 /opt/lampp/htdocs/wordpress-5.7.2/wordpress/wp-includes/class-wp-hook.php(292): WP_Background_Process->handle_cron_healthcheck()
#7 /opt/lampp/htdocs/wordpress-5.7.2/wordpress/wp-includes/class-wp-hook.php(316): WP_Hook->apply_filters('', Array)
#8 /opt/lampp/htdocs/wordpress-5.7.2/wordpress/wp-includes/plugin.php(551): WP_Hook->do_action(Array)
#9 /opt/lampp/htdocs/wordpress-5.7.2/wordpress/wp-cron.php(138): do_action_ref_array('wp_image_proces...', Array)
#10 {main}
  thrown dans /opt/lampp/htdocs/wordpress-5.7.2/wordpress/wp-content/plugins/elementor/includes/managers/elements.php à la ligne 68

2021-05-29T16:16:28+00:00 CRITICAL Uncaught Error: Unknown named parameter $tasks_meta_id in /opt/lampp/htdocs/wordpress-5.7.2/wordpress/wp-includes/class-wp-hook.php:292
Stack trace:
#0 /opt/lampp/htdocs/wordpress-5.7.2/wordpress/wp-includes/class-wp-hook.php(316): WP_Hook->apply_filters('', Array)
#1 /opt/lampp/htdocs/wordpress-5.7.2/wordpress/wp-includes/plugin.php(551): WP_Hook->do_action(Array)
#2 /opt/lampp/htdocs/wordpress-5.7.2/wordpress/wp-content/plugins/woocommerce/packages/action-scheduler/classes/actions/ActionScheduler_Action.php(22): do_action_ref_array('wpforms_email_s...', Array)
#3 /opt/lampp/htdocs/wordpress-5.7.2/wordpress/wp-content/plugins/woocommerce/packages/action-scheduler/classes/abstracts/ActionScheduler_Abstract_QueueRunner.php(65): ActionScheduler_Action->execute()
#4 /opt/lampp/htdocs/wordpress-5.7.2/wordpress/wp-content/plugins/woocommerce/packages/action-scheduler/classes/ActionScheduler_QueueRunner.php(162): ActionScheduler_Abstract_QueueRunner->process_action(435, 'WP Cron')
#5 /opt/lampp/htdocs/wordpress-5.7.2/wordpress/wp-content/plugins/woocommerce/packages/action-scheduler/classes/ActionScheduler_QueueRunner.php(132): ActionScheduler_QueueRunner->do_batch(25, 'WP Cron')
#6 /opt/lampp/htdocs/wordpress-5.7.2/wordpress/wp-includes/class-wp-hook.php(292): ActionScheduler_QueueRunner->run('WP Cron')
#7 /opt/lampp/htdocs/wordpress-5.7.2/wordpress/wp-includes/class-wp-hook.php(316): WP_Hook->apply_filters('', Array)
#8 /opt/lampp/htdocs/wordpress-5.7.2/wordpress/wp-includes/plugin.php(551): WP_Hook->do_action(Array)
#9 /opt/lampp/htdocs/wordpress-5.7.2/wordpress/wp-cron.php(138): do_action_ref_array('action_schedule...', Array)
#10 {main}
  thrown dans /opt/lampp/htdocs/wordpress-5.7.2/wordpress/wp-includes/class-wp-hook.php à la ligne 292

